<?xml version="1.0" encoding="UTF-8"?>
<testsuite xmlns:xsi="http://www.w3.org/2001/XMLSchema-instance" xsi:noNamespaceSchemaLocation="https://maven.apache.org/surefire/maven-surefire-plugin/xsd/surefire-test-report-3.0.xsd" version="3.0" name="com.loggro.BloquesABCTest" time="0.104" tests="12" errors="0" skipped="0" failures="0">
  <properties>
[...]
</properties>
  <testcase name="testCOMUN" classname="com.loggro.BloquesABCTest" time="0.035"/>
  <testcase name="testLIBRO" classname="com.loggro.BloquesABCTest" time="0.002"/>
  <testcase name="testTRAJE" classname="com.loggro.BloquesABCTest" time="0.002"/>
  <testcase name="testBOZO" classname="com.loggro.BloquesABCTest" time="0.003"/>
  <testcase name="testCAMPANA" classname="com.loggro.BloquesABCTest" time="0.001"/>
  <testcase name="testARLEQUIN" classname="com.loggro.BloquesABCTest" time="0.001"/>
  <testcase name="testA" classname="com.loggro.BloquesABCTest" time="0.001"/>
  <testcase name="testMezclaCase" classname="com.loggro.BloquesABCTest" time="0.002"/>
  <testcase name="testPalabraVacia" classname="com.loggro.BloquesABCTest" time="0.001"/>
  <testcase name="testMinusculas" classname="com.loggro.BloquesABCTest" time="0.002"/>
  <testcase name="testDORITO" classname="com.loggro.BloquesABCTest" time="0.002"/>
  <testcase name="testPalabraNula" classname="com.loggro.BloquesABCTest" time="0.002"/>
</testsuite>